Start testing: Jun 19 18:53 EDT
----------------------------------------------------------
1/3 Testing: OnMarketDataTest.HelloTest
1/3 Test: OnMarketDataTest.HelloTest
Command: "/Users/axel/Development/Boerberl/build/test/on_market_data_test" "--gtest_filter=OnMarketDataTest.HelloTest" "--gtest_also_run_disabled_tests"
Directory: /Users/axel/Development/Boerberl/build/test
"OnMarketDataTest.HelloTest" start time: Jun 19 18:53 EDT
Output:
----------------------------------------------------------
Running main() from /Users/axel/Development/Boerberl/build/_deps/googletest-src/googletest/src/gtest_main.cc
Note: Google Test filter = OnMarketDataTest.HelloTest
[==========] Running 1 test from 1 test suite.
[----------] Global test environment set-up.
[----------] 1 test from OnMarketDataTest
[ RUN      ] OnMarketDataTest.HelloTest
[       OK ] OnMarketDataTest.HelloTest (0 ms)
[----------] 1 test from OnMarketDataTest (0 ms total)

[----------] Global test environment tear-down
[==========] 1 test from 1 test suite ran. (0 ms total)
[  PASSED  ] 1 test.
<end of output>
Test time =   0.00 sec
----------------------------------------------------------
Test Passed.
"OnMarketDataTest.HelloTest" end time: Jun 19 18:53 EDT
"OnMarketDataTest.HelloTest" time elapsed: 00:00:00
----------------------------------------------------------

2/3 Testing: OnMarketDataTest.HelloSTest
2/3 Test: OnMarketDataTest.HelloSTest
Command: "/Users/axel/Development/Boerberl/build/test/on_market_data_test" "--gtest_filter=OnMarketDataTest.HelloSTest" "--gtest_also_run_disabled_tests"
Directory: /Users/axel/Development/Boerberl/build/test
"OnMarketDataTest.HelloSTest" start time: Jun 19 18:53 EDT
Output:
----------------------------------------------------------
Running main() from /Users/axel/Development/Boerberl/build/_deps/googletest-src/googletest/src/gtest_main.cc
Note: Google Test filter = OnMarketDataTest.HelloSTest
[==========] Running 1 test from 1 test suite.
[----------] Global test environment set-up.
[----------] 1 test from OnMarketDataTest
[ RUN      ] OnMarketDataTest.HelloSTest
[       OK ] OnMarketDataTest.HelloSTest (0 ms)
[----------] 1 test from OnMarketDataTest (0 ms total)

[----------] Global test environment tear-down
[==========] 1 test from 1 test suite ran. (0 ms total)
[  PASSED  ] 1 test.
<end of output>
Test time =   0.00 sec
----------------------------------------------------------
Test Passed.
"OnMarketDataTest.HelloSTest" end time: Jun 19 18:53 EDT
"OnMarketDataTest.HelloSTest" time elapsed: 00:00:00
----------------------------------------------------------

3/3 Testing: OnMarketDataTest.ReadUserInputTest
3/3 Test: OnMarketDataTest.ReadUserInputTest
Command: "/Users/axel/Development/Boerberl/build/test/on_market_data_test" "--gtest_filter=OnMarketDataTest.ReadUserInputTest" "--gtest_also_run_disabled_tests"
Directory: /Users/axel/Development/Boerberl/build/test
"OnMarketDataTest.ReadUserInputTest" start time: Jun 19 18:53 EDT
Output:
----------------------------------------------------------
Running main() from /Users/axel/Development/Boerberl/build/_deps/googletest-src/googletest/src/gtest_main.cc
Note: Google Test filter = OnMarketDataTest.ReadUserInputTest
[==========] Running 1 test from 1 test suite.
[----------] Global test environment set-up.
[----------] 1 test from OnMarketDataTest
[ RUN      ] OnMarketDataTest.ReadUserInputTest
[       OK ] OnMarketDataTest.ReadUserInputTest (0 ms)
[----------] 1 test from OnMarketDataTest (0 ms total)

[----------] Global test environment tear-down
[==========] 1 test from 1 test suite ran. (0 ms total)
[  PASSED  ] 1 test.
<end of output>
Test time =   0.00 sec
----------------------------------------------------------
Test Passed.
"OnMarketDataTest.ReadUserInputTest" end time: Jun 19 18:53 EDT
"OnMarketDataTest.ReadUserInputTest" time elapsed: 00:00:00
----------------------------------------------------------

End testing: Jun 19 18:53 EDT
